<!DOCTYPE html PUBLIC "-//W3C//DTD XHTML 1.1//EN" "https://www.w3.org/TR/xhtml11/DTD/xhtml11.dtd">
<html xmlns="https://www.w3.org/1999/xhtml">
<head>
<meta http-equiv="content-type" content="text/html; charset=UTF-8"/>
<title>TestNG Report</title>
<style type="text/css">table {margin-bottom:10px;border-collapse:collapse;empty-cells:show}th,td {border:1px solid #009;padding:.25em .5em}th {vertical-align:bottom}td {vertical-align:top}table a {font-weight:bold}.stripe td {background-color: #E6EBF9}.num {text-align:right}.passedodd td {background-color: #3F3}.passedeven td {background-color: #0A0}.skippedodd td {background-color: #DDD}.skippedeven td {background-color: #CCC}.failedodd td,.attn {background-color: #F33}.failedeven td,.stripe .attn {background-color: #D00}.stacktrace {white-space:pre;font-family:monospace}.totop {font-size:85%;text-align:center;border-bottom:2px solid #000}.invisible {display:none}</style>
</head>
<body>
<table>
<tr><th>Test</th><th># Passed</th><th># Skipped</th><th># Retried</th><th># Failed</th><th>Time (ms)</th><th>Included Groups</th><th>Excluded Groups</th></tr>
<tr><th colspan="8">STest</th></tr>
<tr><td><a href="#t0">entrykariTest</a></td><td class="num">0</td><td class="num attn">3</td><td class="num">0</td><td class="num attn">1</td><td class="num">27,107</td><td></td><td></td></tr>
<tr class="stripe"><td><a href="#t1">jacaikariTest</a></td><td class="num">0</td><td class="num attn">3</td><td class="num">0</td><td class="num attn">1</td><td class="num">12,539</td><td></td><td></td></tr>
<tr><td><a href="#t2">tulonakariTest</a></td><td class="num">0</td><td class="num attn">3</td><td class="num">0</td><td class="num attn">1</td><td class="num">12,608</td><td></td><td></td></tr>
<tr class="stripe"><td><a href="#t3">onumodonkariTest</a></td><td class="num">0</td><td class="num attn">2</td><td class="num">0</td><td class="num attn">1</td><td class="num">12,155</td><td></td><td></td></tr>
<tr><th>Total</th><th class="num">0</th><th class="num attn">11</th><th class="num">0</th><th class="num attn">4</th><th class="num">64,409</th><th colspan="2"></th></tr>
</table>
<table id='summary'><thead><tr><th>Class</th><th>Method</th><th>Start</th><th>Time (ms)</th></tr></thead><tbody><tr><th colspan="4">STest</th></tr></tbody><tbody id="t0"><tr><th colspan="4">entrykariTest &#8212; failed</th></tr><tr class="failedeven"><td rowspan="1">com.bat.MutatedKhatian.Test.EntrykariDeskTest</td><td><a href="#m0">loginTestTitleVerify</a></td><td rowspan="1">1631964249866</td><td rowspan="1">26981</td></tr><tr><th colspan="4">entrykariTest &#8212; skipped</th></tr><tr class="skippedeven"><td rowspan="3">com.bat.MutatedKhatian.Test.EntrykariDeskTest</td><td><a href="#m1">khatianEntry</a></td><td rowspan="1">1631964276892</td><td rowspan="1">0</td></tr><tr class="skippedeven"><td><a href="#m2">logintest</a></td><td rowspan="1">1631964276874</td><td rowspan="1">0</td></tr><tr class="skippedeven"><td><a href="#m3">logout</a></td><td rowspan="1">1631964276909</td><td rowspan="1">0</td></tr></tbody>
<tbody id="t1"><tr><th colspan="4">jacaikariTest &#8212; failed</th></tr><tr class="failedeven"><td rowspan="1">com.bat.MutatedKhatian.Test.JacaikariDeskTest</td><td><a href="#m4">loginTestTitleVerify</a></td><td rowspan="1">1631964277131</td><td rowspan="1">12524</td></tr><tr><th colspan="4">jacaikariTest &#8212; skipped</th></tr><tr class="skippedeven"><td rowspan="3">com.bat.MutatedKhatian.Test.JacaikariDeskTest</td><td><a href="#m5">jacaikaritest</a></td><td rowspan="1">1631964289662</td><td rowspan="1">0</td></tr><tr class="skippedeven"><td><a href="#m6">logintest</a></td><td rowspan="1">1631964289658</td><td rowspan="1">0</td></tr><tr class="skippedeven"><td><a href="#m7">logout</a></td><td rowspan="1">1631964289665</td><td rowspan="1">0</td></tr></tbody>
<tbody id="t2"><tr><th colspan="4">tulonakariTest &#8212; failed</th></tr><tr class="failedeven"><td rowspan="1">com.bat.MutatedKhatian.Test.TulonakariDeskTest</td><td><a href="#m8">loginTestTitleVerify</a></td><td rowspan="1">1631964289686</td><td rowspan="1">12594</td></tr><tr><th colspan="4">tulonakariTest &#8212; skipped</th></tr><tr class="skippedeven"><td rowspan="3">com.bat.MutatedKhatian.Test.TulonakariDeskTest</td><td><a href="#m9">logintest</a></td><td rowspan="1">1631964302283</td><td rowspan="1">0</td></tr><tr class="skippedeven"><td><a href="#m10">logout</a></td><td rowspan="1">1631964302289</td><td rowspan="1">0</td></tr><tr class="skippedeven"><td><a href="#m11">tulonakaritest</a></td><td rowspan="1">1631964302286</td><td rowspan="1">0</td></tr></tbody>
<tbody id="t3"><tr><th colspan="4">onumodonkariTest &#8212; failed</th></tr><tr class="failedeven"><td rowspan="1">com.bat.MutatedKhatian.Test.OnumodonkariDeskTest</td><td><a href="#m12">loginTestTitleVerify</a></td><td rowspan="1">1631964302360</td><td rowspan="1">12145</td></tr><tr><th colspan="4">onumodonkariTest &#8212; skipped</th></tr><tr class="skippedeven"><td rowspan="2">com.bat.MutatedKhatian.Test.OnumodonkariDeskTest</td><td><a href="#m13">logintest</a></td><td rowspan="1">1631964314507</td><td rowspan="1">1</td></tr><tr class="skippedeven"><td><a href="#m14">onumodonkaritest</a></td><td rowspan="1">1631964314510</td><td rowspan="1">0</td></tr></tbody>
</table>
<h2>entrykariTest</h2><h3 id="m0">com.bat.MutatedKhatian.Test.EntrykariDeskTest#loginTestTitleVerify</h3><table class="result"><tr><th>Exception</th></tr><tr><td><div class="stacktrace">org.openqa.selenium.WebDriverException: unknown error: cannot determine loading status
from disconnected: received Inspector.detached event
  (Session info: chrome=93.0.4577.82)
Build info: version: &apos;3.141.59&apos;, revision: &apos;e82be7d358&apos;, time: &apos;2018-11-14T08:17:03&apos;
System info: host: &apos;DESKTOP-V1MADG4&apos;, ip: &apos;192.168.0.106&apos;, os.name: &apos;Windows 10&apos;, os.arch: &apos;amd64&apos;, os.version: &apos;10.0&apos;, java.version: &apos;16.0.2&apos;
Driver info: org.openqa.selenium.chrome.ChromeDriver
Capabilities {acceptInsecureCerts: false, browserName: chrome, browserVersion: 93.0.4577.82, chrome: {chromedriverVersion: 92.0.4515.43 (8c61b7e2989f2..., userDataDir: C:\Users\pc\AppData\Local\T...}, goog:chromeOptions: {debuggerAddress: localhost:63498}, javascriptEnabled: true, networkConnectionEnabled: false, pageLoadStrategy: normal, platform: WINDOWS, platformName: WINDOWS, proxy: Proxy(), setWindowRect: true, strictFileInteractability: false, timeouts: {implicit: 0, pageLoad: 300000, script: 30000}, unhandledPromptBehavior: dismiss and notify, webauthn:extension:credBlob: true, webauthn:extension:largeBlob: true, webauthn:virtualAuthenticators: true}
Session ID: 620c7cb0e4658b40822a5c4d162c1228
	at org.openqa.selenium.remote.http.W3CHttpResponseCodec.createException(W3CHttpResponseCodec.java:187)
	at org.openqa.selenium.remote.http.W3CHttpResponseCodec.decode(W3CHttpResponseCodec.java:122)
	at org.openqa.selenium.remote.http.W3CHttpResponseCodec.decode(W3CHttpResponseCodec.java:49)
	at org.openqa.selenium.remote.HttpCommandExecutor.execute(HttpCommandExecutor.java:158)
	at org.openqa.selenium.remote.service.DriverCommandExecutor.execute(DriverCommandExecutor.java:83)
	at org.openqa.selenium.remote.RemoteWebDriver.execute(RemoteWebDriver.java:552)
	at org.openqa.selenium.remote.RemoteWebDriver.get(RemoteWebDriver.java:277)
	at com.bat.MutatedKhatian.Test.EntrykariDeskTest.loginTestTitleVerify(EntrykariDeskTest.java:25)
	at java.base/java.util.ArrayList.forEach(ArrayList.java:1511)
... Removed 32 stack frames</div></td></tr></table><p class="totop"><a href="#summary">back to summary</a></p>
<h3 id="m1">com.bat.MutatedKhatian.Test.EntrykariDeskTest#khatianEntry</h3><table class="result"><tr><th>Exception</th></tr><tr><td><div class="stacktrace">java.lang.Throwable: Method EntrykariDeskTest.khatianEntry()[pri:0, instance:com.bat.MutatedKhatian.Test.EntrykariDeskTest@5524cca1] depends on not successfully finished methods
	at java.base/java.util.ArrayList.forEach(ArrayList.java:1511)
... Removed 18 stack frames</div></td></tr></table><p class="totop"><a href="#summary">back to summary</a></p>
<h3 id="m2">com.bat.MutatedKhatian.Test.EntrykariDeskTest#logintest</h3><table class="result"><tr><th>Exception</th></tr><tr><td><div class="stacktrace">java.lang.Throwable: Method EntrykariDeskTest.logintest()[pri:0, instance:com.bat.MutatedKhatian.Test.EntrykariDeskTest@5524cca1] depends on not successfully finished methods
	at java.base/java.util.ArrayList.forEach(ArrayList.java:1511)
... Removed 18 stack frames</div></td></tr></table><p class="totop"><a href="#summary">back to summary</a></p>
<h3 id="m3">com.bat.MutatedKhatian.Test.EntrykariDeskTest#logout</h3><table class="result"><tr><th>Exception</th></tr><tr><td><div class="stacktrace">java.lang.Throwable: Method EntrykariDeskTest.logout()[pri:0, instance:com.bat.MutatedKhatian.Test.EntrykariDeskTest@5524cca1] depends on not successfully finished methods
	at java.base/java.util.ArrayList.forEach(ArrayList.java:1511)
... Removed 18 stack frames</div></td></tr></table><p class="totop"><a href="#summary">back to summary</a></p>
<h2>jacaikariTest</h2><h3 id="m4">com.bat.MutatedKhatian.Test.JacaikariDeskTest#loginTestTitleVerify</h3><table class="result"><tr><th>Exception</th></tr><tr><td><div class="stacktrace">org.openqa.selenium.WebDriverException: chrome not reachable
  (Session info: chrome=93.0.4577.82)
Build info: version: &apos;3.141.59&apos;, revision: &apos;e82be7d358&apos;, time: &apos;2018-11-14T08:17:03&apos;
System info: host: &apos;DESKTOP-V1MADG4&apos;, ip: &apos;192.168.0.106&apos;, os.name: &apos;Windows 10&apos;, os.arch: &apos;amd64&apos;, os.version: &apos;10.0&apos;, java.version: &apos;16.0.2&apos;
Driver info: org.openqa.selenium.chrome.ChromeDriver
Capabilities {acceptInsecureCerts: false, browserName: chrome, browserVersion: 93.0.4577.82, chrome: {chromedriverVersion: 92.0.4515.43 (8c61b7e2989f2..., userDataDir: C:\Users\pc\AppData\Local\T...}, goog:chromeOptions: {debuggerAddress: localhost:63498}, javascriptEnabled: true, networkConnectionEnabled: false, pageLoadStrategy: normal, platform: WINDOWS, platformName: WINDOWS, proxy: Proxy(), setWindowRect: true, strictFileInteractability: false, timeouts: {implicit: 0, pageLoad: 300000, script: 30000}, unhandledPromptBehavior: dismiss and notify, webauthn:extension:credBlob: true, webauthn:extension:largeBlob: true, webauthn:virtualAuthenticators: true}
Session ID: 620c7cb0e4658b40822a5c4d162c1228
	at org.openqa.selenium.remote.http.W3CHttpResponseCodec.createException(W3CHttpResponseCodec.java:187)
	at org.openqa.selenium.remote.http.W3CHttpResponseCodec.decode(W3CHttpResponseCodec.java:122)
	at org.openqa.selenium.remote.http.W3CHttpResponseCodec.decode(W3CHttpResponseCodec.java:49)
	at org.openqa.selenium.remote.HttpCommandExecutor.execute(HttpCommandExecutor.java:158)
	at org.openqa.selenium.remote.service.DriverCommandExecutor.execute(DriverCommandExecutor.java:83)
	at org.openqa.selenium.remote.RemoteWebDriver.execute(RemoteWebDriver.java:552)
	at org.openqa.selenium.remote.RemoteWebDriver.execute(RemoteWebDriver.java:609)
	at org.openqa.selenium.remote.RemoteWebDriver.getTitle(RemoteWebDriver.java:281)
	at com.bat.MutatedKhatian.Test.JacaikariDeskTest.loginTestTitleVerify(JacaikariDeskTest.java:30)
	at java.base/java.util.ArrayList.forEach(ArrayList.java:1511)
... Removed 32 stack frames</div></td></tr></table><p class="totop"><a href="#summary">back to summary</a></p>
<h3 id="m5">com.bat.MutatedKhatian.Test.JacaikariDeskTest#jacaikaritest</h3><table class="result"><tr><th>Exception</th></tr><tr><td><div class="stacktrace">java.lang.Throwable: Method JacaikariDeskTest.jacaikaritest()[pri:0, instance:com.bat.MutatedKhatian.Test.JacaikariDeskTest@790da477] depends on not successfully finished methods
	at java.base/java.util.ArrayList.forEach(ArrayList.java:1511)
... Removed 18 stack frames</div></td></tr></table><p class="totop"><a href="#summary">back to summary</a></p>
<h3 id="m6">com.bat.MutatedKhatian.Test.JacaikariDeskTest#logintest</h3><table class="result"><tr><th>Exception</th></tr><tr><td><div class="stacktrace">java.lang.Throwable: Method JacaikariDeskTest.logintest()[pri:0, instance:com.bat.MutatedKhatian.Test.JacaikariDeskTest@790da477] depends on not successfully finished methods
	at java.base/java.util.ArrayList.forEach(ArrayList.java:1511)
... Removed 18 stack frames</div></td></tr></table><p class="totop"><a href="#summary">back to summary</a></p>
<h3 id="m7">com.bat.MutatedKhatian.Test.JacaikariDeskTest#logout</h3><table class="result"><tr><th>Exception</th></tr><tr><td><div class="stacktrace">java.lang.Throwable: Method JacaikariDeskTest.logout()[pri:0, instance:com.bat.MutatedKhatian.Test.JacaikariDeskTest@790da477] depends on not successfully finished methods
	at java.base/java.util.ArrayList.forEach(ArrayList.java:1511)
... Removed 18 stack frames</div></td></tr></table><p class="totop"><a href="#summary">back to summary</a></p>
<h2>tulonakariTest</h2><h3 id="m8">com.bat.MutatedKhatian.Test.TulonakariDeskTest#loginTestTitleVerify</h3><table class="result"><tr><th>Exception</th></tr><tr><td><div class="stacktrace">org.openqa.selenium.WebDriverException: chrome not reachable
  (Session info: chrome=93.0.4577.82)
Build info: version: &apos;3.141.59&apos;, revision: &apos;e82be7d358&apos;, time: &apos;2018-11-14T08:17:03&apos;
System info: host: &apos;DESKTOP-V1MADG4&apos;, ip: &apos;192.168.0.106&apos;, os.name: &apos;Windows 10&apos;, os.arch: &apos;amd64&apos;, os.version: &apos;10.0&apos;, java.version: &apos;16.0.2&apos;
Driver info: org.openqa.selenium.chrome.ChromeDriver
Capabilities {acceptInsecureCerts: false, browserName: chrome, browserVersion: 93.0.4577.82, chrome: {chromedriverVersion: 92.0.4515.43 (8c61b7e2989f2..., userDataDir: C:\Users\pc\AppData\Local\T...}, goog:chromeOptions: {debuggerAddress: localhost:63498}, javascriptEnabled: true, networkConnectionEnabled: false, pageLoadStrategy: normal, platform: WINDOWS, platformName: WINDOWS, proxy: Proxy(), setWindowRect: true, strictFileInteractability: false, timeouts: {implicit: 0, pageLoad: 300000, script: 30000}, unhandledPromptBehavior: dismiss and notify, webauthn:extension:credBlob: true, webauthn:extension:largeBlob: true, webauthn:virtualAuthenticators: true}
Session ID: 620c7cb0e4658b40822a5c4d162c1228
	at org.openqa.selenium.remote.http.W3CHttpResponseCodec.createException(W3CHttpResponseCodec.java:187)
	at org.openqa.selenium.remote.http.W3CHttpResponseCodec.decode(W3CHttpResponseCodec.java:122)
	at org.openqa.selenium.remote.http.W3CHttpResponseCodec.decode(W3CHttpResponseCodec.java:49)
	at org.openqa.selenium.remote.HttpCommandExecutor.execute(HttpCommandExecutor.java:158)
	at org.openqa.selenium.remote.service.DriverCommandExecutor.execute(DriverCommandExecutor.java:83)
	at org.openqa.selenium.remote.RemoteWebDriver.execute(RemoteWebDriver.java:552)
	at org.openqa.selenium.remote.RemoteWebDriver.execute(RemoteWebDriver.java:609)
	at org.openqa.selenium.remote.RemoteWebDriver.getTitle(RemoteWebDriver.java:281)
	at com.bat.MutatedKhatian.Test.TulonakariDeskTest.loginTestTitleVerify(TulonakariDeskTest.java:29)
	at java.base/java.util.ArrayList.forEach(ArrayList.java:1511)
... Removed 32 stack frames</div></td></tr></table><p class="totop"><a href="#summary">back to summary</a></p>
<h3 id="m9">com.bat.MutatedKhatian.Test.TulonakariDeskTest#logintest</h3><table class="result"><tr><th>Exception</th></tr><tr><td><div class="stacktrace">java.lang.Throwable: Method TulonakariDeskTest.logintest()[pri:0, instance:com.bat.MutatedKhatian.Test.TulonakariDeskTest@2dfaea86] depends on not successfully finished methods
	at java.base/java.util.ArrayList.forEach(ArrayList.java:1511)
... Removed 18 stack frames</div></td></tr></table><p class="totop"><a href="#summary">back to summary</a></p>
<h3 id="m10">com.bat.MutatedKhatian.Test.TulonakariDeskTest#logout</h3><table class="result"><tr><th>Exception</th></tr><tr><td><div class="stacktrace">java.lang.Throwable: Method TulonakariDeskTest.logout()[pri:0, instance:com.bat.MutatedKhatian.Test.TulonakariDeskTest@2dfaea86] depends on not successfully finished methods
	at java.base/java.util.ArrayList.forEach(ArrayList.java:1511)
... Removed 18 stack frames</div></td></tr></table><p class="totop"><a href="#summary">back to summary</a></p>
<h3 id="m11">com.bat.MutatedKhatian.Test.TulonakariDeskTest#tulonakaritest</h3><table class="result"><tr><th>Exception</th></tr><tr><td><div class="stacktrace">java.lang.Throwable: Method TulonakariDeskTest.tulonakaritest()[pri:0, instance:com.bat.MutatedKhatian.Test.TulonakariDeskTest@2dfaea86] depends on not successfully finished methods
	at java.base/java.util.ArrayList.forEach(ArrayList.java:1511)
... Removed 18 stack frames</div></td></tr></table><p class="totop"><a href="#summary">back to summary</a></p>
<h2>onumodonkariTest</h2><h3 id="m12">com.bat.MutatedKhatian.Test.OnumodonkariDeskTest#loginTestTitleVerify</h3><table class="result"><tr><th>Exception</th></tr><tr><td><div class="stacktrace">org.openqa.selenium.WebDriverException: chrome not reachable
  (Session info: chrome=93.0.4577.82)
Build info: version: &apos;3.141.59&apos;, revision: &apos;e82be7d358&apos;, time: &apos;2018-11-14T08:17:03&apos;
System info: host: &apos;DESKTOP-V1MADG4&apos;, ip: &apos;192.168.0.106&apos;, os.name: &apos;Windows 10&apos;, os.arch: &apos;amd64&apos;, os.version: &apos;10.0&apos;, java.version: &apos;16.0.2&apos;
Driver info: org.openqa.selenium.chrome.ChromeDriver
Capabilities {acceptInsecureCerts: false, browserName: chrome, browserVersion: 93.0.4577.82, chrome: {chromedriverVersion: 92.0.4515.43 (8c61b7e2989f2..., userDataDir: C:\Users\pc\AppData\Local\T...}, goog:chromeOptions: {debuggerAddress: localhost:63498}, javascriptEnabled: true, networkConnectionEnabled: false, pageLoadStrategy: normal, platform: WINDOWS, platformName: WINDOWS, proxy: Proxy(), setWindowRect: true, strictFileInteractability: false, timeouts: {implicit: 0, pageLoad: 300000, script: 30000}, unhandledPromptBehavior: dismiss and notify, webauthn:extension:credBlob: true, webauthn:extension:largeBlob: true, webauthn:virtualAuthenticators: true}
Session ID: 620c7cb0e4658b40822a5c4d162c1228
	at org.openqa.selenium.remote.http.W3CHttpResponseCodec.createException(W3CHttpResponseCodec.java:187)
	at org.openqa.selenium.remote.http.W3CHttpResponseCodec.decode(W3CHttpResponseCodec.java:122)
	at org.openqa.selenium.remote.http.W3CHttpResponseCodec.decode(W3CHttpResponseCodec.java:49)
	at org.openqa.selenium.remote.HttpCommandExecutor.execute(HttpCommandExecutor.java:158)
	at org.openqa.selenium.remote.service.DriverCommandExecutor.execute(DriverCommandExecutor.java:83)
	at org.openqa.selenium.remote.RemoteWebDriver.execute(RemoteWebDriver.java:552)
	at org.openqa.selenium.remote.RemoteWebDriver.execute(RemoteWebDriver.java:609)
	at org.openqa.selenium.remote.RemoteWebDriver.getTitle(RemoteWebDriver.java:281)
	at com.bat.MutatedKhatian.Test.OnumodonkariDeskTest.loginTestTitleVerify(OnumodonkariDeskTest.java:29)
	at java.base/java.util.ArrayList.forEach(ArrayList.java:1511)
... Removed 32 stack frames</div></td></tr></table><p class="totop"><a href="#summary">back to summary</a></p>
<h3 id="m13">com.bat.MutatedKhatian.Test.OnumodonkariDeskTest#logintest</h3><table class="result"><tr><th>Exception</th></tr><tr><td><div class="stacktrace">java.lang.Throwable: Method OnumodonkariDeskTest.logintest()[pri:0, instance:com.bat.MutatedKhatian.Test.OnumodonkariDeskTest@55de24cc] depends on not successfully finished methods
	at java.base/java.util.ArrayList.forEach(ArrayList.java:1511)
... Removed 18 stack frames</div></td></tr></table><p class="totop"><a href="#summary">back to summary</a></p>
<h3 id="m14">com.bat.MutatedKhatian.Test.OnumodonkariDeskTest#onumodonkaritest</h3><table class="result"><tr><th>Exception</th></tr><tr><td><div class="stacktrace">java.lang.Throwable: Method OnumodonkariDeskTest.onumodonkaritest()[pri:0, instance:com.bat.MutatedKhatian.Test.OnumodonkariDeskTest@55de24cc] depends on not successfully finished methods
	at java.base/java.util.ArrayList.forEach(ArrayList.java:1511)
... Removed 18 stack frames</div></td></tr></table><p class="totop"><a href="#summary">back to summary</a></p>
</body>
</html>
