<!DOCTYPE html>

<html>
  <head>
  <meta charset='utf-8'>
  <title>TestNG reports</title>

    <link type="text/css" href="testng-reports1.css" rel="stylesheet" id="ultra" />
    <link type="text/css" href="testng-reports.css" rel="stylesheet" id="retro" disabled="false"/>
    <script type="text/javascript" src="jquery.min.js"></script>
    <script type="text/javascript" src="testng-reports.js"></script>
    <script type="text/javascript" src="https://www.google.com/jsapi"></script>
    <script type='text/javascript'>
      google.load('visualization', '1', {packages:['table']});
      google.setOnLoadCallback(drawTable);
      var suiteTableInitFunctions = new Array();
      var suiteTableData = new Array();
    </script>
    <!--
      <script type="text/javascript" src="jquery-ui/js/jquery-ui-1.8.16.custom.min.js"></script>
     -->
  </head>

  <body>
    <div class="top-banner-root">
      <span class="top-banner-title-font">Test results</span>
      <button id="button" class="button">Switch Retro Theme</button> <!-- button -->
      <br/>
      <span class="top-banner-font-1">1 suite, 4 failed tests</span>
    </div> <!-- top-banner-root -->
    <div class="navigator-root">
      <div class="navigator-suite-header">
        <span>All suites</span>
        <a href="#" title="Collapse/expand all the suites" class="collapse-all-link">
          <img src="collapseall.gif" class="collapse-all-icon">
          </img> <!-- collapse-all-icon -->
        </a> <!-- collapse-all-link -->
      </div> <!-- navigator-suite-header -->
      <div class="suite">
        <div class="rounded-window">
          <div class="suite-header light-rounded-window-top">
            <a href="#" panel-name="suite-STest" class="navigator-link">
              <span class="suite-name border-failed">STest</span>
            </a> <!-- navigator-link -->
          </div> <!-- suite-header light-rounded-window-top -->
          <div class="navigator-suite-content">
            <div class="suite-section-title">
              <span>Info</span>
            </div> <!-- suite-section-title -->
            <div class="suite-section-content">
              <ul>
                <li>
                  <a href="#" panel-name="test-xml-STest" class="navigator-link ">
                    <span>D:\Work\Office\OCPL\Selenuim\Selenium WebDriver\Project\MutatedKhatian\src\main\java\Suite.xml</span>
                  </a> <!-- navigator-link  -->
                </li>
                <li>
                  <a href="#" panel-name="testlist-STest" class="navigator-link ">
                    <span class="test-stats">4 tests</span>
                  </a> <!-- navigator-link  -->
                </li>
                <li>
                  <a href="#" panel-name="group-STest" class="navigator-link ">
                    <span>0 groups</span>
                  </a> <!-- navigator-link  -->
                </li>
                <li>
                  <a href="#" panel-name="times-STest" class="navigator-link ">
                    <span>Times</span>
                  </a> <!-- navigator-link  -->
                </li>
                <li>
                  <a href="#" panel-name="reporter-STest" class="navigator-link ">
                    <span>Reporter output</span>
                  </a> <!-- navigator-link  -->
                </li>
                <li>
                  <a href="#" panel-name="ignored-methods-STest" class="navigator-link ">
                    <span>Ignored methods</span>
                  </a> <!-- navigator-link  -->
                </li>
                <li>
                  <a href="#" panel-name="chronological-STest" class="navigator-link ">
                    <span>Chronological view</span>
                  </a> <!-- navigator-link  -->
                </li>
              </ul>
            </div> <!-- suite-section-content -->
            <div class="result-section">
              <div class="suite-section-title">
                <span>Results</span>
              </div> <!-- suite-section-title -->
              <div class="suite-section-content">
                <ul>
                  <li>
                    <span class="method-stats">15 methods, 4 failed,  11 skipped,  </span>
                  </li>
                  <li>
                    <span class="method-list-title failed">Failed methods</span>
                    <span class="show-or-hide-methods failed">
                      <a href="#" panel-name="suite-STest" class="hide-methods failed suite-STest"> (hide)</a> <!-- hide-methods failed suite-STest -->
                      <a href="#" panel-name="suite-STest" class="show-methods failed suite-STest"> (show)</a> <!-- show-methods failed suite-STest -->
                    </span>
                    <div class="method-list-content failed suite-STest">
                      <span>
                        <img src="failed.png" width="3%"/>
                        <a href="#" panel-name="suite-STest" title="com.bat.MutatedKhatian.Test.EntrykariDeskTest" class="method navigator-link" hash-for-method="loginTestTitleVerify">loginTestTitleVerify</a> <!-- method navigator-link -->
                      </span>
                      <br/>
                      <span>
                        <img src="failed.png" width="3%"/>
                        <a href="#" panel-name="suite-STest" title="com.bat.MutatedKhatian.Test.JacaikariDeskTest" class="method navigator-link" hash-for-method="loginTestTitleVerify">loginTestTitleVerify</a> <!-- method navigator-link -->
                      </span>
                      <br/>
                      <span>
                        <img src="failed.png" width="3%"/>
                        <a href="#" panel-name="suite-STest" title="com.bat.MutatedKhatian.Test.TulonakariDeskTest" class="method navigator-link" hash-for-method="loginTestTitleVerify">loginTestTitleVerify</a> <!-- method navigator-link -->
                      </span>
                      <br/>
                      <span>
                        <img src="failed.png" width="3%"/>
                        <a href="#" panel-name="suite-STest" title="com.bat.MutatedKhatian.Test.OnumodonkariDeskTest" class="method navigator-link" hash-for-method="loginTestTitleVerify">loginTestTitleVerify</a> <!-- method navigator-link -->
                      </span>
                      <br/>
                    </div> <!-- method-list-content failed suite-STest -->
                  </li>
                  <li>
                    <span class="method-list-title skipped">Skipped methods</span>
                    <span class="show-or-hide-methods skipped">
                      <a href="#" panel-name="suite-STest" class="hide-methods skipped suite-STest"> (hide)</a> <!-- hide-methods skipped suite-STest -->
                      <a href="#" panel-name="suite-STest" class="show-methods skipped suite-STest"> (show)</a> <!-- show-methods skipped suite-STest -->
                    </span>
                    <div class="method-list-content skipped suite-STest">
                      <span>
                        <img src="skipped.png" width="3%"/>
                        <a href="#" panel-name="suite-STest" title="com.bat.MutatedKhatian.Test.JacaikariDeskTest" class="method navigator-link" hash-for-method="jacaikaritest">jacaikaritest</a> <!-- method navigator-link -->
                      </span>
                      <br/>
                      <span>
                        <img src="skipped.png" width="3%"/>
                        <a href="#" panel-name="suite-STest" title="com.bat.MutatedKhatian.Test.EntrykariDeskTest" class="method navigator-link" hash-for-method="khatianEntry">khatianEntry</a> <!-- method navigator-link -->
                      </span>
                      <br/>
                      <span>
                        <img src="skipped.png" width="3%"/>
                        <a href="#" panel-name="suite-STest" title="com.bat.MutatedKhatian.Test.EntrykariDeskTest" class="method navigator-link" hash-for-method="logintest">logintest</a> <!-- method navigator-link -->
                      </span>
                      <br/>
                      <span>
                        <img src="skipped.png" width="3%"/>
                        <a href="#" panel-name="suite-STest" title="com.bat.MutatedKhatian.Test.JacaikariDeskTest" class="method navigator-link" hash-for-method="logintest">logintest</a> <!-- method navigator-link -->
                      </span>
                      <br/>
                      <span>
                        <img src="skipped.png" width="3%"/>
                        <a href="#" panel-name="suite-STest" title="com.bat.MutatedKhatian.Test.TulonakariDeskTest" class="method navigator-link" hash-for-method="logintest">logintest</a> <!-- method navigator-link -->
                      </span>
                      <br/>
                      <span>
                        <img src="skipped.png" width="3%"/>
                        <a href="#" panel-name="suite-STest" title="com.bat.MutatedKhatian.Test.OnumodonkariDeskTest" class="method navigator-link" hash-for-method="logintest">logintest</a> <!-- method navigator-link -->
                      </span>
                      <br/>
                      <span>
                        <img src="skipped.png" width="3%"/>
                        <a href="#" panel-name="suite-STest" title="com.bat.MutatedKhatian.Test.EntrykariDeskTest" class="method navigator-link" hash-for-method="logout">logout</a> <!-- method navigator-link -->
                      </span>
                      <br/>
                      <span>
                        <img src="skipped.png" width="3%"/>
                        <a href="#" panel-name="suite-STest" title="com.bat.MutatedKhatian.Test.JacaikariDeskTest" class="method navigator-link" hash-for-method="logout">logout</a> <!-- method navigator-link -->
                      </span>
                      <br/>
                      <span>
                        <img src="skipped.png" width="3%"/>
                        <a href="#" panel-name="suite-STest" title="com.bat.MutatedKhatian.Test.TulonakariDeskTest" class="method navigator-link" hash-for-method="logout">logout</a> <!-- method navigator-link -->
                      </span>
                      <br/>
                      <span>
                        <img src="skipped.png" width="3%"/>
                        <a href="#" panel-name="suite-STest" title="com.bat.MutatedKhatian.Test.OnumodonkariDeskTest" class="method navigator-link" hash-for-method="onumodonkaritest">onumodonkaritest</a> <!-- method navigator-link -->
                      </span>
                      <br/>
                      <span>
                        <img src="skipped.png" width="3%"/>
                        <a href="#" panel-name="suite-STest" title="com.bat.MutatedKhatian.Test.TulonakariDeskTest" class="method navigator-link" hash-for-method="tulonakaritest">tulonakaritest</a> <!-- method navigator-link -->
                      </span>
                      <br/>
                    </div> <!-- method-list-content skipped suite-STest -->
                  </li>
                </ul>
              </div> <!-- suite-section-content -->
            </div> <!-- result-section -->
          </div> <!-- navigator-suite-content -->
        </div> <!-- rounded-window -->
      </div> <!-- suite -->
    </div> <!-- navigator-root -->
    <div class="wrapper">
      <div class="main-panel-root">
        <div panel-name="suite-STest" class="panel STest">
          <div class="suite-STest-class-failed">
            <div class="main-panel-header rounded-window-top">
              <img src="failed.png"/>
              <span class="class-name">com.bat.MutatedKhatian.Test.OnumodonkariDeskTest</span>
            </div> <!-- main-panel-header rounded-window-top -->
            <div class="main-panel-content rounded-window-bottom">
              <div class="method">
                <div class="method-content">
                  <a name="loginTestTitleVerify">
                  </a> <!-- loginTestTitleVerify -->
                  <span class="method-name">loginTestTitleVerify</span>
                  <div class="stack-trace">org.openqa.selenium.WebDriverException: chrome not reachable
  (Session info: chrome=93.0.4577.82)
Build info: version: &apos;3.141.59&apos;, revision: &apos;e82be7d358&apos;, time: &apos;2018-11-14T08:17:03&apos;
System info: host: &apos;DESKTOP-V1MADG4&apos;, ip: &apos;192.168.0.106&apos;, os.name: &apos;Windows 10&apos;, os.arch: &apos;amd64&apos;, os.version: &apos;10.0&apos;, java.version: &apos;16.0.2&apos;
Driver info: org.openqa.selenium.chrome.ChromeDriver
Capabilities {acceptInsecureCerts: false, browserName: chrome, browserVersion: 93.0.4577.82, chrome: {chromedriverVersion: 92.0.4515.43 (8c61b7e2989f2..., userDataDir: C:\Users\pc\AppData\Local\T...}, goog:chromeOptions: {debuggerAddress: localhost:63498}, javascriptEnabled: true, networkConnectionEnabled: false, pageLoadStrategy: normal, platform: WINDOWS, platformName: WINDOWS, proxy: Proxy(), setWindowRect: true, strictFileInteractability: false, timeouts: {implicit: 0, pageLoad: 300000, script: 30000}, unhandledPromptBehavior: dismiss and notify, webauthn:extension:credBlob: true, webauthn:extension:largeBlob: true, webauthn:virtualAuthenticators: true}
Session ID: 620c7cb0e4658b40822a5c4d162c1228
	at org.openqa.selenium.remote.http.W3CHttpResponseCodec.createException(W3CHttpResponseCodec.java:187)
	at org.openqa.selenium.remote.http.W3CHttpResponseCodec.decode(W3CHttpResponseCodec.java:122)
	at org.openqa.selenium.remote.http.W3CHttpResponseCodec.decode(W3CHttpResponseCodec.java:49)
	at org.openqa.selenium.remote.HttpCommandExecutor.execute(HttpCommandExecutor.java:158)
	at org.openqa.selenium.remote.service.DriverCommandExecutor.execute(DriverCommandExecutor.java:83)
	at org.openqa.selenium.remote.RemoteWebDriver.execute(RemoteWebDriver.java:552)
	at org.openqa.selenium.remote.RemoteWebDriver.execute(RemoteWebDriver.java:609)
	at org.openqa.selenium.remote.RemoteWebDriver.getTitle(RemoteWebDriver.java:281)
	at com.bat.MutatedKhatian.Test.OnumodonkariDeskTest.loginTestTitleVerify(OnumodonkariDeskTest.java:29)
	at java.base/java.util.ArrayList.forEach(ArrayList.java:1511)
... Removed 32 stack frames
</div> <!-- stack-trace -->
                </div> <!-- method-content -->
              </div> <!-- method -->
            </div> <!-- main-panel-content rounded-window-bottom -->
          </div> <!-- suite-STest-class-failed -->
          <div class="suite-STest-class-failed">
            <div class="main-panel-header rounded-window-top">
              <img src="failed.png"/>
              <span class="class-name">com.bat.MutatedKhatian.Test.TulonakariDeskTest</span>
            </div> <!-- main-panel-header rounded-window-top -->
            <div class="main-panel-content rounded-window-bottom">
              <div class="method">
                <div class="method-content">
                  <a name="loginTestTitleVerify">
                  </a> <!-- loginTestTitleVerify -->
                  <span class="method-name">loginTestTitleVerify</span>
                  <div class="stack-trace">org.openqa.selenium.WebDriverException: chrome not reachable
  (Session info: chrome=93.0.4577.82)
Build info: version: &apos;3.141.59&apos;, revision: &apos;e82be7d358&apos;, time: &apos;2018-11-14T08:17:03&apos;
System info: host: &apos;DESKTOP-V1MADG4&apos;, ip: &apos;192.168.0.106&apos;, os.name: &apos;Windows 10&apos;, os.arch: &apos;amd64&apos;, os.version: &apos;10.0&apos;, java.version: &apos;16.0.2&apos;
Driver info: org.openqa.selenium.chrome.ChromeDriver
Capabilities {acceptInsecureCerts: false, browserName: chrome, browserVersion: 93.0.4577.82, chrome: {chromedriverVersion: 92.0.4515.43 (8c61b7e2989f2..., userDataDir: C:\Users\pc\AppData\Local\T...}, goog:chromeOptions: {debuggerAddress: localhost:63498}, javascriptEnabled: true, networkConnectionEnabled: false, pageLoadStrategy: normal, platform: WINDOWS, platformName: WINDOWS, proxy: Proxy(), setWindowRect: true, strictFileInteractability: false, timeouts: {implicit: 0, pageLoad: 300000, script: 30000}, unhandledPromptBehavior: dismiss and notify, webauthn:extension:credBlob: true, webauthn:extension:largeBlob: true, webauthn:virtualAuthenticators: true}
Session ID: 620c7cb0e4658b40822a5c4d162c1228
	at org.openqa.selenium.remote.http.W3CHttpResponseCodec.createException(W3CHttpResponseCodec.java:187)
	at org.openqa.selenium.remote.http.W3CHttpResponseCodec.decode(W3CHttpResponseCodec.java:122)
	at org.openqa.selenium.remote.http.W3CHttpResponseCodec.decode(W3CHttpResponseCodec.java:49)
	at org.openqa.selenium.remote.HttpCommandExecutor.execute(HttpCommandExecutor.java:158)
	at org.openqa.selenium.remote.service.DriverCommandExecutor.execute(DriverCommandExecutor.java:83)
	at org.openqa.selenium.remote.RemoteWebDriver.execute(RemoteWebDriver.java:552)
	at org.openqa.selenium.remote.RemoteWebDriver.execute(RemoteWebDriver.java:609)
	at org.openqa.selenium.remote.RemoteWebDriver.getTitle(RemoteWebDriver.java:281)
	at com.bat.MutatedKhatian.Test.TulonakariDeskTest.loginTestTitleVerify(TulonakariDeskTest.java:29)
	at java.base/java.util.ArrayList.forEach(ArrayList.java:1511)
... Removed 32 stack frames
</div> <!-- stack-trace -->
                </div> <!-- method-content -->
              </div> <!-- method -->
            </div> <!-- main-panel-content rounded-window-bottom -->
          </div> <!-- suite-STest-class-failed -->
          <div class="suite-STest-class-failed">
            <div class="main-panel-header rounded-window-top">
              <img src="failed.png"/>
              <span class="class-name">com.bat.MutatedKhatian.Test.EntrykariDeskTest</span>
            </div> <!-- main-panel-header rounded-window-top -->
            <div class="main-panel-content rounded-window-bottom">
              <div class="method">
                <div class="method-content">
                  <a name="loginTestTitleVerify">
                  </a> <!-- loginTestTitleVerify -->
                  <span class="method-name">loginTestTitleVerify</span>
                  <div class="stack-trace">org.openqa.selenium.WebDriverException: unknown error: cannot determine loading status
from disconnected: received Inspector.detached event
  (Session info: chrome=93.0.4577.82)
Build info: version: &apos;3.141.59&apos;, revision: &apos;e82be7d358&apos;, time: &apos;2018-11-14T08:17:03&apos;
System info: host: &apos;DESKTOP-V1MADG4&apos;, ip: &apos;192.168.0.106&apos;, os.name: &apos;Windows 10&apos;, os.arch: &apos;amd64&apos;, os.version: &apos;10.0&apos;, java.version: &apos;16.0.2&apos;
Driver info: org.openqa.selenium.chrome.ChromeDriver
Capabilities {acceptInsecureCerts: false, browserName: chrome, browserVersion: 93.0.4577.82, chrome: {chromedriverVersion: 92.0.4515.43 (8c61b7e2989f2..., userDataDir: C:\Users\pc\AppData\Local\T...}, goog:chromeOptions: {debuggerAddress: localhost:63498}, javascriptEnabled: true, networkConnectionEnabled: false, pageLoadStrategy: normal, platform: WINDOWS, platformName: WINDOWS, proxy: Proxy(), setWindowRect: true, strictFileInteractability: false, timeouts: {implicit: 0, pageLoad: 300000, script: 30000}, unhandledPromptBehavior: dismiss and notify, webauthn:extension:credBlob: true, webauthn:extension:largeBlob: true, webauthn:virtualAuthenticators: true}
Session ID: 620c7cb0e4658b40822a5c4d162c1228
	at org.openqa.selenium.remote.http.W3CHttpResponseCodec.createException(W3CHttpResponseCodec.java:187)
	at org.openqa.selenium.remote.http.W3CHttpResponseCodec.decode(W3CHttpResponseCodec.java:122)
	at org.openqa.selenium.remote.http.W3CHttpResponseCodec.decode(W3CHttpResponseCodec.java:49)
	at org.openqa.selenium.remote.HttpCommandExecutor.execute(HttpCommandExecutor.java:158)
	at org.openqa.selenium.remote.service.DriverCommandExecutor.execute(DriverCommandExecutor.java:83)
	at org.openqa.selenium.remote.RemoteWebDriver.execute(RemoteWebDriver.java:552)
	at org.openqa.selenium.remote.RemoteWebDriver.get(RemoteWebDriver.java:277)
	at com.bat.MutatedKhatian.Test.EntrykariDeskTest.loginTestTitleVerify(EntrykariDeskTest.java:25)
	at java.base/java.util.ArrayList.forEach(ArrayList.java:1511)
... Removed 32 stack frames
</div> <!-- stack-trace -->
                </div> <!-- method-content -->
              </div> <!-- method -->
            </div> <!-- main-panel-content rounded-window-bottom -->
          </div> <!-- suite-STest-class-failed -->
          <div class="suite-STest-class-failed">
            <div class="main-panel-header rounded-window-top">
              <img src="failed.png"/>
              <span class="class-name">com.bat.MutatedKhatian.Test.JacaikariDeskTest</span>
            </div> <!-- main-panel-header rounded-window-top -->
            <div class="main-panel-content rounded-window-bottom">
              <div class="method">
                <div class="method-content">
                  <a name="loginTestTitleVerify">
                  </a> <!-- loginTestTitleVerify -->
                  <span class="method-name">loginTestTitleVerify</span>
                  <div class="stack-trace">org.openqa.selenium.WebDriverException: chrome not reachable
  (Session info: chrome=93.0.4577.82)
Build info: version: &apos;3.141.59&apos;, revision: &apos;e82be7d358&apos;, time: &apos;2018-11-14T08:17:03&apos;
System info: host: &apos;DESKTOP-V1MADG4&apos;, ip: &apos;192.168.0.106&apos;, os.name: &apos;Windows 10&apos;, os.arch: &apos;amd64&apos;, os.version: &apos;10.0&apos;, java.version: &apos;16.0.2&apos;
Driver info: org.openqa.selenium.chrome.ChromeDriver
Capabilities {acceptInsecureCerts: false, browserName: chrome, browserVersion: 93.0.4577.82, chrome: {chromedriverVersion: 92.0.4515.43 (8c61b7e2989f2..., userDataDir: C:\Users\pc\AppData\Local\T...}, goog:chromeOptions: {debuggerAddress: localhost:63498}, javascriptEnabled: true, networkConnectionEnabled: false, pageLoadStrategy: normal, platform: WINDOWS, platformName: WINDOWS, proxy: Proxy(), setWindowRect: true, strictFileInteractability: false, timeouts: {implicit: 0, pageLoad: 300000, script: 30000}, unhandledPromptBehavior: dismiss and notify, webauthn:extension:credBlob: true, webauthn:extension:largeBlob: true, webauthn:virtualAuthenticators: true}
Session ID: 620c7cb0e4658b40822a5c4d162c1228
	at org.openqa.selenium.remote.http.W3CHttpResponseCodec.createException(W3CHttpResponseCodec.java:187)
	at org.openqa.selenium.remote.http.W3CHttpResponseCodec.decode(W3CHttpResponseCodec.java:122)
	at org.openqa.selenium.remote.http.W3CHttpResponseCodec.decode(W3CHttpResponseCodec.java:49)
	at org.openqa.selenium.remote.HttpCommandExecutor.execute(HttpCommandExecutor.java:158)
	at org.openqa.selenium.remote.service.DriverCommandExecutor.execute(DriverCommandExecutor.java:83)
	at org.openqa.selenium.remote.RemoteWebDriver.execute(RemoteWebDriver.java:552)
	at org.openqa.selenium.remote.RemoteWebDriver.execute(RemoteWebDriver.java:609)
	at org.openqa.selenium.remote.RemoteWebDriver.getTitle(RemoteWebDriver.java:281)
	at com.bat.MutatedKhatian.Test.JacaikariDeskTest.loginTestTitleVerify(JacaikariDeskTest.java:30)
	at java.base/java.util.ArrayList.forEach(ArrayList.java:1511)
... Removed 32 stack frames
</div> <!-- stack-trace -->
                </div> <!-- method-content -->
              </div> <!-- method -->
            </div> <!-- main-panel-content rounded-window-bottom -->
          </div> <!-- suite-STest-class-failed -->
          <div class="suite-STest-class-skipped">
            <div class="main-panel-header rounded-window-top">
              <img src="skipped.png"/>
              <span class="class-name">com.bat.MutatedKhatian.Test.OnumodonkariDeskTest</span>
            </div> <!-- main-panel-header rounded-window-top -->
            <div class="main-panel-content rounded-window-bottom">
              <div class="method">
                <div class="method-content">
                  <a name="logintest">
                  </a> <!-- logintest -->
                  <span class="method-name">logintest</span>
                  <div class="stack-trace">java.lang.Throwable: Method OnumodonkariDeskTest.logintest()[pri:0, instance:com.bat.MutatedKhatian.Test.OnumodonkariDeskTest@55de24cc] depends on not successfully finished methods
	at java.base/java.util.ArrayList.forEach(ArrayList.java:1511)
... Removed 18 stack frames
</div> <!-- stack-trace -->
                </div> <!-- method-content -->
              </div> <!-- method -->
              <div class="method">
                <div class="method-content">
                  <a name="onumodonkaritest">
                  </a> <!-- onumodonkaritest -->
                  <span class="method-name">onumodonkaritest</span>
                  <div class="stack-trace">java.lang.Throwable: Method OnumodonkariDeskTest.onumodonkaritest()[pri:0, instance:com.bat.MutatedKhatian.Test.OnumodonkariDeskTest@55de24cc] depends on not successfully finished methods
	at java.base/java.util.ArrayList.forEach(ArrayList.java:1511)
... Removed 18 stack frames
</div> <!-- stack-trace -->
                </div> <!-- method-content -->
              </div> <!-- method -->
            </div> <!-- main-panel-content rounded-window-bottom -->
          </div> <!-- suite-STest-class-skipped -->
          <div class="suite-STest-class-skipped">
            <div class="main-panel-header rounded-window-top">
              <img src="skipped.png"/>
              <span class="class-name">com.bat.MutatedKhatian.Test.TulonakariDeskTest</span>
            </div> <!-- main-panel-header rounded-window-top -->
            <div class="main-panel-content rounded-window-bottom">
              <div class="method">
                <div class="method-content">
                  <a name="logintest">
                  </a> <!-- logintest -->
                  <span class="method-name">logintest</span>
                  <div class="stack-trace">java.lang.Throwable: Method TulonakariDeskTest.logintest()[pri:0, instance:com.bat.MutatedKhatian.Test.TulonakariDeskTest@2dfaea86] depends on not successfully finished methods
	at java.base/java.util.ArrayList.forEach(ArrayList.java:1511)
... Removed 18 stack frames
</div> <!-- stack-trace -->
                </div> <!-- method-content -->
              </div> <!-- method -->
              <div class="method">
                <div class="method-content">
                  <a name="logout">
                  </a> <!-- logout -->
                  <span class="method-name">logout</span>
                  <div class="stack-trace">java.lang.Throwable: Method TulonakariDeskTest.logout()[pri:0, instance:com.bat.MutatedKhatian.Test.TulonakariDeskTest@2dfaea86] depends on not successfully finished methods
	at java.base/java.util.ArrayList.forEach(ArrayList.java:1511)
... Removed 18 stack frames
</div> <!-- stack-trace -->
                </div> <!-- method-content -->
              </div> <!-- method -->
              <div class="method">
                <div class="method-content">
                  <a name="tulonakaritest">
                  </a> <!-- tulonakaritest -->
                  <span class="method-name">tulonakaritest</span>
                  <div class="stack-trace">java.lang.Throwable: Method TulonakariDeskTest.tulonakaritest()[pri:0, instance:com.bat.MutatedKhatian.Test.TulonakariDeskTest@2dfaea86] depends on not successfully finished methods
	at java.base/java.util.ArrayList.forEach(ArrayList.java:1511)
... Removed 18 stack frames
</div> <!-- stack-trace -->
                </div> <!-- method-content -->
              </div> <!-- method -->
            </div> <!-- main-panel-content rounded-window-bottom -->
          </div> <!-- suite-STest-class-skipped -->
          <div class="suite-STest-class-skipped">
            <div class="main-panel-header rounded-window-top">
              <img src="skipped.png"/>
              <span class="class-name">com.bat.MutatedKhatian.Test.EntrykariDeskTest</span>
            </div> <!-- main-panel-header rounded-window-top -->
            <div class="main-panel-content rounded-window-bottom">
              <div class="method">
                <div class="method-content">
                  <a name="khatianEntry">
                  </a> <!-- khatianEntry -->
                  <span class="method-name">khatianEntry</span>
                  <div class="stack-trace">java.lang.Throwable: Method EntrykariDeskTest.khatianEntry()[pri:0, instance:com.bat.MutatedKhatian.Test.EntrykariDeskTest@5524cca1] depends on not successfully finished methods
	at java.base/java.util.ArrayList.forEach(ArrayList.java:1511)
... Removed 18 stack frames
</div> <!-- stack-trace -->
                </div> <!-- method-content -->
              </div> <!-- method -->
              <div class="method">
                <div class="method-content">
                  <a name="logintest">
                  </a> <!-- logintest -->
                  <span class="method-name">logintest</span>
                  <div class="stack-trace">java.lang.Throwable: Method EntrykariDeskTest.logintest()[pri:0, instance:com.bat.MutatedKhatian.Test.EntrykariDeskTest@5524cca1] depends on not successfully finished methods
	at java.base/java.util.ArrayList.forEach(ArrayList.java:1511)
... Removed 18 stack frames
</div> <!-- stack-trace -->
                </div> <!-- method-content -->
              </div> <!-- method -->
              <div class="method">
                <div class="method-content">
                  <a name="logout">
                  </a> <!-- logout -->
                  <span class="method-name">logout</span>
                  <div class="stack-trace">java.lang.Throwable: Method EntrykariDeskTest.logout()[pri:0, instance:com.bat.MutatedKhatian.Test.EntrykariDeskTest@5524cca1] depends on not successfully finished methods
	at java.base/java.util.ArrayList.forEach(ArrayList.java:1511)
... Removed 18 stack frames
</div> <!-- stack-trace -->
                </div> <!-- method-content -->
              </div> <!-- method -->
            </div> <!-- main-panel-content rounded-window-bottom -->
          </div> <!-- suite-STest-class-skipped -->
          <div class="suite-STest-class-skipped">
            <div class="main-panel-header rounded-window-top">
              <img src="skipped.png"/>
              <span class="class-name">com.bat.MutatedKhatian.Test.JacaikariDeskTest</span>
            </div> <!-- main-panel-header rounded-window-top -->
            <div class="main-panel-content rounded-window-bottom">
              <div class="method">
                <div class="method-content">
                  <a name="jacaikaritest">
                  </a> <!-- jacaikaritest -->
                  <span class="method-name">jacaikaritest</span>
                  <div class="stack-trace">java.lang.Throwable: Method JacaikariDeskTest.jacaikaritest()[pri:0, instance:com.bat.MutatedKhatian.Test.JacaikariDeskTest@790da477] depends on not successfully finished methods
	at java.base/java.util.ArrayList.forEach(ArrayList.java:1511)
... Removed 18 stack frames
</div> <!-- stack-trace -->
                </div> <!-- method-content -->
              </div> <!-- method -->
              <div class="method">
                <div class="method-content">
                  <a name="logintest">
                  </a> <!-- logintest -->
                  <span class="method-name">logintest</span>
                  <div class="stack-trace">java.lang.Throwable: Method JacaikariDeskTest.logintest()[pri:0, instance:com.bat.MutatedKhatian.Test.JacaikariDeskTest@790da477] depends on not successfully finished methods
	at java.base/java.util.ArrayList.forEach(ArrayList.java:1511)
... Removed 18 stack frames
</div> <!-- stack-trace -->
                </div> <!-- method-content -->
              </div> <!-- method -->
              <div class="method">
                <div class="method-content">
                  <a name="logout">
                  </a> <!-- logout -->
                  <span class="method-name">logout</span>
                  <div class="stack-trace">java.lang.Throwable: Method JacaikariDeskTest.logout()[pri:0, instance:com.bat.MutatedKhatian.Test.JacaikariDeskTest@790da477] depends on not successfully finished methods
	at java.base/java.util.ArrayList.forEach(ArrayList.java:1511)
... Removed 18 stack frames
</div> <!-- stack-trace -->
                </div> <!-- method-content -->
              </div> <!-- method -->
            </div> <!-- main-panel-content rounded-window-bottom -->
          </div> <!-- suite-STest-class-skipped -->
        </div> <!-- panel STest -->
        <div panel-name="test-xml-STest" class="panel">
          <div class="main-panel-header rounded-window-top">
            <span class="header-content">D:\Work\Office\OCPL\Selenuim\Selenium WebDriver\Project\MutatedKhatian\src\main\java\Suite.xml</span>
          </div> <!-- main-panel-header rounded-window-top -->
          <div class="main-panel-content rounded-window-bottom">
            <pre>
&lt;?xml version=&quot;1.0&quot; encoding=&quot;UTF-8&quot;?&gt;
&lt;!DOCTYPE suite SYSTEM &quot;https://testng.org/testng-1.0.dtd&quot;&gt;
&lt;suite name=&quot;STest&quot; guice-stage=&quot;DEVELOPMENT&quot;&gt;
  &lt;test thread-count=&quot;5&quot; name=&quot;entrykariTest&quot;&gt;
    &lt;classes&gt;
      &lt;class name=&quot;com.bat.MutatedKhatian.Test.EntrykariDeskTest&quot;/&gt;
    &lt;/classes&gt;
  &lt;/test&gt; &lt;!-- entrykariTest --&gt;
  &lt;test thread-count=&quot;5&quot; name=&quot;jacaikariTest&quot;&gt;
    &lt;classes&gt;
      &lt;class name=&quot;com.bat.MutatedKhatian.Test.JacaikariDeskTest&quot;/&gt;
    &lt;/classes&gt;
  &lt;/test&gt; &lt;!-- jacaikariTest --&gt;
  &lt;test thread-count=&quot;5&quot; name=&quot;tulonakariTest&quot;&gt;
    &lt;classes&gt;
      &lt;class name=&quot;com.bat.MutatedKhatian.Test.TulonakariDeskTest&quot;/&gt;
    &lt;/classes&gt;
  &lt;/test&gt; &lt;!-- tulonakariTest --&gt;
  &lt;test thread-count=&quot;5&quot; name=&quot;onumodonkariTest&quot;&gt;
    &lt;classes&gt;
      &lt;class name=&quot;com.bat.MutatedKhatian.Test.OnumodonkariDeskTest&quot;/&gt;
    &lt;/classes&gt;
  &lt;/test&gt; &lt;!-- onumodonkariTest --&gt;
&lt;/suite&gt; &lt;!-- STest --&gt;
            </pre>
          </div> <!-- main-panel-content rounded-window-bottom -->
        </div> <!-- panel -->
        <div panel-name="testlist-STest" class="panel">
          <div class="main-panel-header rounded-window-top">
            <span class="header-content">Tests for STest</span>
          </div> <!-- main-panel-header rounded-window-top -->
          <div class="main-panel-content rounded-window-bottom">
            <ul>
              <li>
                <span class="test-name">entrykariTest (1 class)</span>
              </li>
              <li>
                <span class="test-name">jacaikariTest (1 class)</span>
              </li>
              <li>
                <span class="test-name">tulonakariTest (1 class)</span>
              </li>
              <li>
                <span class="test-name">onumodonkariTest (1 class)</span>
              </li>
            </ul>
          </div> <!-- main-panel-content rounded-window-bottom -->
        </div> <!-- panel -->
        <div panel-name="group-STest" class="panel">
          <div class="main-panel-header rounded-window-top">
            <span class="header-content">Groups for STest</span>
          </div> <!-- main-panel-header rounded-window-top -->
          <div class="main-panel-content rounded-window-bottom">
          </div> <!-- main-panel-content rounded-window-bottom -->
        </div> <!-- panel -->
        <div panel-name="times-STest" class="panel">
          <div class="main-panel-header rounded-window-top">
            <span class="header-content">Times for STest</span>
          </div> <!-- main-panel-header rounded-window-top -->
          <div class="main-panel-content rounded-window-bottom">
            <div class="times-div">
              <script type="text/javascript">
suiteTableInitFunctions.push('tableData_STest');
function tableData_STest() {
var data = new google.visualization.DataTable();
data.addColumn('number', 'Number');
data.addColumn('string', 'Method');
data.addColumn('string', 'Class');
data.addColumn('number', 'Time (ms)');
data.addRows(15);
data.setCell(0, 0, 0)
data.setCell(0, 1, 'loginTestTitleVerify')
data.setCell(0, 2, 'com.bat.MutatedKhatian.Test.EntrykariDeskTest')
data.setCell(0, 3, 26981);
data.setCell(1, 0, 1)
data.setCell(1, 1, 'loginTestTitleVerify')
data.setCell(1, 2, 'com.bat.MutatedKhatian.Test.TulonakariDeskTest')
data.setCell(1, 3, 12594);
data.setCell(2, 0, 2)
data.setCell(2, 1, 'loginTestTitleVerify')
data.setCell(2, 2, 'com.bat.MutatedKhatian.Test.JacaikariDeskTest')
data.setCell(2, 3, 12524);
data.setCell(3, 0, 3)
data.setCell(3, 1, 'loginTestTitleVerify')
data.setCell(3, 2, 'com.bat.MutatedKhatian.Test.OnumodonkariDeskTest')
data.setCell(3, 3, 12145);
data.setCell(4, 0, 4)
data.setCell(4, 1, 'logintest')
data.setCell(4, 2, 'com.bat.MutatedKhatian.Test.OnumodonkariDeskTest')
data.setCell(4, 3, 1);
data.setCell(5, 0, 5)
data.setCell(5, 1, 'logout')
data.setCell(5, 2, 'com.bat.MutatedKhatian.Test.EntrykariDeskTest')
data.setCell(5, 3, 0);
data.setCell(6, 0, 6)
data.setCell(6, 1, 'logintest')
data.setCell(6, 2, 'com.bat.MutatedKhatian.Test.EntrykariDeskTest')
data.setCell(6, 3, 0);
data.setCell(7, 0, 7)
data.setCell(7, 1, 'khatianEntry')
data.setCell(7, 2, 'com.bat.MutatedKhatian.Test.EntrykariDeskTest')
data.setCell(7, 3, 0);
data.setCell(8, 0, 8)
data.setCell(8, 1, 'logout')
data.setCell(8, 2, 'com.bat.MutatedKhatian.Test.JacaikariDeskTest')
data.setCell(8, 3, 0);
data.setCell(9, 0, 9)
data.setCell(9, 1, 'jacaikaritest')
data.setCell(9, 2, 'com.bat.MutatedKhatian.Test.JacaikariDeskTest')
data.setCell(9, 3, 0);
data.setCell(10, 0, 10)
data.setCell(10, 1, 'logintest')
data.setCell(10, 2, 'com.bat.MutatedKhatian.Test.JacaikariDeskTest')
data.setCell(10, 3, 0);
data.setCell(11, 0, 11)
data.setCell(11, 1, 'tulonakaritest')
data.setCell(11, 2, 'com.bat.MutatedKhatian.Test.TulonakariDeskTest')
data.setCell(11, 3, 0);
data.setCell(12, 0, 12)
data.setCell(12, 1, 'logout')
data.setCell(12, 2, 'com.bat.MutatedKhatian.Test.TulonakariDeskTest')
data.setCell(12, 3, 0);
data.setCell(13, 0, 13)
data.setCell(13, 1, 'logintest')
data.setCell(13, 2, 'com.bat.MutatedKhatian.Test.TulonakariDeskTest')
data.setCell(13, 3, 0);
data.setCell(14, 0, 14)
data.setCell(14, 1, 'onumodonkaritest')
data.setCell(14, 2, 'com.bat.MutatedKhatian.Test.OnumodonkariDeskTest')
data.setCell(14, 3, 0);
window.suiteTableData['STest']= { tableData: data, tableDiv: 'times-div-STest'}
return data;
}
              </script>
              <span class="suite-total-time">Total running time: 1 minutes</span>
              <div id="times-div-STest">
              </div> <!-- times-div-STest -->
            </div> <!-- times-div -->
          </div> <!-- main-panel-content rounded-window-bottom -->
        </div> <!-- panel -->
        <div panel-name="reporter-STest" class="panel">
          <div class="main-panel-header rounded-window-top">
            <span class="header-content">Reporter output for STest</span>
          </div> <!-- main-panel-header rounded-window-top -->
          <div class="main-panel-content rounded-window-bottom">
          </div> <!-- main-panel-content rounded-window-bottom -->
        </div> <!-- panel -->
        <div panel-name="ignored-methods-STest" class="panel">
          <div class="main-panel-header rounded-window-top">
            <span class="header-content">0 ignored methods</span>
          </div> <!-- main-panel-header rounded-window-top -->
          <div class="main-panel-content rounded-window-bottom">
          </div> <!-- main-panel-content rounded-window-bottom -->
        </div> <!-- panel -->
        <div panel-name="chronological-STest" class="panel">
          <div class="main-panel-header rounded-window-top">
            <span class="header-content">Methods in chronological order</span>
          </div> <!-- main-panel-header rounded-window-top -->
          <div class="main-panel-content rounded-window-bottom">
            <div class="chronological-class">
              <div class="chronological-class-name">com.bat.MutatedKhatian.Test.EntrykariDeskTest</div> <!-- chronological-class-name -->
              <div class="test-method">
                <img src="failed.png">
                </img>
                <span class="method-name">loginTestTitleVerify</span>
                <span class="method-start">0 ms</span>
              </div> <!-- test-method -->
              <div class="test-method">
                <span class="method-name">logintest</span>
                <span class="method-start">27008 ms</span>
              </div> <!-- test-method -->
              <div class="test-method">
                <span class="method-name">khatianEntry</span>
                <span class="method-start">27026 ms</span>
              </div> <!-- test-method -->
              <div class="test-method">
                <span class="method-name">logout</span>
                <span class="method-start">27043 ms</span>
              </div> <!-- test-method -->
            </div> <!-- chronological-class -->
            <div class="chronological-class">
              <div class="chronological-class-name">com.bat.MutatedKhatian.Test.JacaikariDeskTest</div> <!-- chronological-class-name -->
              <div class="test-method">
                <img src="failed.png">
                </img>
                <span class="method-name">loginTestTitleVerify</span>
                <span class="method-start">27265 ms</span>
              </div> <!-- test-method -->
              <div class="test-method">
                <span class="method-name">logintest</span>
                <span class="method-start">39792 ms</span>
              </div> <!-- test-method -->
              <div class="test-method">
                <span class="method-name">jacaikaritest</span>
                <span class="method-start">39796 ms</span>
              </div> <!-- test-method -->
              <div class="test-method">
                <span class="method-name">logout</span>
                <span class="method-start">39799 ms</span>
              </div> <!-- test-method -->
            </div> <!-- chronological-class -->
            <div class="chronological-class">
              <div class="chronological-class-name">com.bat.MutatedKhatian.Test.TulonakariDeskTest</div> <!-- chronological-class-name -->
              <div class="test-method">
                <img src="failed.png">
                </img>
                <span class="method-name">loginTestTitleVerify</span>
                <span class="method-start">39820 ms</span>
              </div> <!-- test-method -->
              <div class="test-method">
                <span class="method-name">logintest</span>
                <span class="method-start">52417 ms</span>
              </div> <!-- test-method -->
              <div class="test-method">
                <span class="method-name">tulonakaritest</span>
                <span class="method-start">52420 ms</span>
              </div> <!-- test-method -->
              <div class="test-method">
                <span class="method-name">logout</span>
                <span class="method-start">52423 ms</span>
              </div> <!-- test-method -->
            </div> <!-- chronological-class -->
            <div class="chronological-class">
              <div class="chronological-class-name">com.bat.MutatedKhatian.Test.OnumodonkariDeskTest</div> <!-- chronological-class-name -->
              <div class="test-method">
                <img src="failed.png">
                </img>
                <span class="method-name">loginTestTitleVerify</span>
                <span class="method-start">52494 ms</span>
              </div> <!-- test-method -->
              <div class="test-method">
                <span class="method-name">logintest</span>
                <span class="method-start">64641 ms</span>
              </div> <!-- test-method -->
              <div class="test-method">
                <span class="method-name">onumodonkaritest</span>
                <span class="method-start">64644 ms</span>
              </div> <!-- test-method -->
          </div> <!-- main-panel-content rounded-window-bottom -->
        </div> <!-- panel -->
      </div> <!-- main-panel-root -->
    </div> <!-- wrapper -->
  </body>
<script type="text/javascript" src="testng-reports2.js"></script>
</html>
